c:\users\eriks\onedrive\skrivbord\jennymarcuscringe\gamename\bin-intdebug-windows-x86_64\game\treebossidle.obj
c:\users\eriks\onedrive\skrivbord\jennymarcuscringe\gamename\bin-intdebug-windows-x86_64\game\firewarlockattack.obj
c:\users\eriks\onedrive\skrivbord\jennymarcuscringe\gamename\bin-intdebug-windows-x86_64\game\fireshield.obj
c:\users\eriks\onedrive\skrivbord\jennymarcuscringe\gamename\bin-intdebug-windows-x86_64\game\treephase2.obj
c:\users\eriks\onedrive\skrivbord\jennymarcuscringe\gamename\bin-intdebug-windows-x86_64\game\gooattacking.obj
c:\users\eriks\onedrive\skrivbord\jennymarcuscringe\gamename\bin-intdebug-windows-x86_64\game\playerdash.obj
c:\users\eriks\onedrive\skrivbord\jennymarcuscringe\gamename\bin-intdebug-windows-x86_64\game\treebossattacking.obj
c:\users\eriks\onedrive\skrivbord\jennymarcuscringe\gamename\bin-intdebug-windows-x86_64\game\electricwarlockattack.obj
c:\users\eriks\onedrive\skrivbord\jennymarcuscringe\gamename\bin-intdebug-windows-x86_64\game\fireball.obj
c:\users\eriks\onedrive\skrivbord\jennymarcuscringe\gamename\bin-intdebug-windows-x86_64\game\treephase3.obj
c:\users\eriks\onedrive\skrivbord\jennymarcuscringe\gamename\bin-intdebug-windows-x86_64\game\firewarlockwalk.obj
c:\users\eriks\onedrive\skrivbord\jennymarcuscringe\gamename\bin-intdebug-windows-x86_64\game\electricball.obj
c:\users\eriks\onedrive\skrivbord\jennymarcuscringe\gamename\bin-intdebug-windows-x86_64\game\treephase1.obj
c:\users\eriks\onedrive\skrivbord\jennymarcuscringe\gamename\bin-intdebug-windows-x86_64\game\electricwarlockwalk.obj
c:\users\eriks\onedrive\skrivbord\jennymarcuscringe\gamename\bin-intdebug-windows-x86_64\game\ball.obj
c:\users\eriks\onedrive\skrivbord\jennymarcuscringe\gamename\bin-intdebug-windows-x86_64\game\treebossattacking2.obj
c:\users\eriks\onedrive\skrivbord\jennymarcuscringe\gamename\bin-intdebug-windows-x86_64\game\caterpillarattacking.obj
c:\users\eriks\onedrive\skrivbord\jennymarcuscringe\gamename\bin-intdebug-windows-x86_64\game\randompickup.obj
c:\users\eriks\onedrive\skrivbord\jennymarcuscringe\gamename\bin-intdebug-windows-x86_64\game\collider.obj
c:\users\eriks\onedrive\skrivbord\jennymarcuscringe\gamename\bin-intdebug-windows-x86_64\game\electricwarlock.obj
c:\users\eriks\onedrive\skrivbord\jennymarcuscringe\gamename\bin-intdebug-windows-x86_64\game\icewarlock.obj
c:\users\eriks\onedrive\skrivbord\jennymarcuscringe\gamename\bin-intdebug-windows-x86_64\game\debugshapes.obj
c:\users\eriks\onedrive\skrivbord\jennymarcuscringe\gamename\bin-intdebug-windows-x86_64\game\batwalking.obj
c:\users\eriks\onedrive\skrivbord\jennymarcuscringe\gamename\bin-intdebug-windows-x86_64\game\gameobject.obj
c:\users\eriks\onedrive\skrivbord\jennymarcuscringe\gamename\bin-intdebug-windows-x86_64\game\bat.obj
c:\users\eriks\onedrive\skrivbord\jennymarcuscringe\gamename\bin-intdebug-windows-x86_64\game\icewarlockwalk.obj
c:\users\eriks\onedrive\skrivbord\jennymarcuscringe\gamename\bin-intdebug-windows-x86_64\game\player.obj
c:\users\eriks\onedrive\skrivbord\jennymarcuscringe\gamename\bin-intdebug-windows-x86_64\game\spawnenemies.obj
c:\users\eriks\onedrive\skrivbord\jennymarcuscringe\gamename\bin-intdebug-windows-x86_64\game\caterpillarwalking.obj
c:\users\eriks\onedrive\skrivbord\jennymarcuscringe\gamename\bin-intdebug-windows-x86_64\game\knockback.obj
c:\users\eriks\onedrive\skrivbord\jennymarcuscringe\gamename\bin-intdebug-windows-x86_64\game\treeboss.obj
c:\users\eriks\onedrive\skrivbord\jennymarcuscringe\gamename\bin-intdebug-windows-x86_64\game\icewarlockattack.obj
c:\users\eriks\onedrive\skrivbord\jennymarcuscringe\gamename\bin-intdebug-windows-x86_64\game\playerslash.obj
c:\users\eriks\onedrive\skrivbord\jennymarcuscringe\gamename\bin-intdebug-windows-x86_64\game\caterpillar.obj
c:\users\eriks\onedrive\skrivbord\jennymarcuscringe\gamename\bin-intdebug-windows-x86_64\game\firewarlock.obj
c:\users\eriks\onedrive\skrivbord\jennymarcuscringe\gamename\bin-intdebug-windows-x86_64\game\iceball.obj
c:\users\eriks\onedrive\skrivbord\jennymarcuscringe\gamename\bin-intdebug-windows-x86_64\game\drawline.obj
c:\users\eriks\onedrive\skrivbord\jennymarcuscringe\gamename\bin-intdebug-windows-x86_64\game\batattacking.obj
c:\users\eriks\onedrive\skrivbord\jennymarcuscringe\gamename\bin-intdebug-windows-x86_64\game\gameworld.obj
c:\users\eriks\onedrive\skrivbord\jennymarcuscringe\gamename\bin-intdebug-windows-x86_64\game\debugdrawer.obj
c:\users\eriks\onedrive\skrivbord\jennymarcuscringe\gamename\bin-intdebug-windows-x86_64\game\attackotherenemy.obj
c:\users\eriks\onedrive\skrivbord\jennymarcuscringe\gamename\bin-intdebug-windows-x86_64\game\objectpool.obj
c:\users\eriks\onedrive\skrivbord\jennymarcuscringe\gamename\bin-intdebug-windows-x86_64\game\healthpickup.obj
c:\users\eriks\onedrive\skrivbord\jennymarcuscringe\gamename\bin-intdebug-windows-x86_64\game\app.obj
c:\users\eriks\onedrive\skrivbord\jennymarcuscringe\gamename\bin-intdebug-windows-x86_64\game\goo.obj
c:\users\eriks\onedrive\skrivbord\jennymarcuscringe\gamename\bin-intdebug-windows-x86_64\game\random.obj
c:\users\eriks\onedrive\skrivbord\jennymarcuscringe\gamename\bin-intdebug-windows-x86_64\game\treebossattacking3.obj
c:\users\eriks\onedrive\skrivbord\jennymarcuscringe\gamename\bin-intdebug-windows-x86_64\game\goowalking.obj
c:\users\eriks\onedrive\skrivbord\jennymarcuscringe\gamename\bin-intdebug-windows-x86_64\game\playerthrow.obj
c:\users\eriks\onedrive\skrivbord\jennymarcuscringe\gamename\bin-intdebug-windows-x86_64\game\vc143.pdb
c:\users\eriks\onedrive\skrivbord\marcusepicengine\gamename\bin-intdebug-windows-x86_64\game\random.obj
c:\users\eriks\onedrive\skrivbord\marcusepicengine\gamename\bin-intdebug-windows-x86_64\game\app.obj
c:\users\eriks\onedrive\skrivbord\marcusepicengine\gamename\bin-intdebug-windows-x86_64\game\gameworld.obj
c:\users\eriks\onedrive\skrivbord\marcusepicengine\gamename\bin-intdebug-windows-x86_64\game\vc143.pdb
c:\users\eriks\onedrive\skrivbord\jennymarcuscringe\jennymarcuscringe\gamename\bindebug-windows-x86_64\game\game.exe
c:\users\eriks\onedrive\skrivbord\jennymarcuscringe\jennymarcuscringe\gamename\bindebug-windows-x86_64\game\game.pdb
c:\users\eriks\onedrive\skrivbord\jennymarcuscringe\gamename\bindebug-windows-x86_64\game\game.exe
c:\users\eriks\onedrive\skrivbord\jennymarcuscringe\gamename\bindebug-windows-x86_64\game\game.pdb
c:\users\eriks\onedrive\skrivbord\jennymarcuscringe\gamename\bin-intdebug-windows-x86_64\game\game.ilk
c:\users\eriks\onedrive\skrivbord\marcusepicengine\gamename\bin-intdebug-windows-x86_64\game\attackotherenemy.obj
c:\users\eriks\onedrive\skrivbord\marcusepicengine\gamename\bin-intdebug-windows-x86_64\game\ball.obj
c:\users\eriks\onedrive\skrivbord\marcusepicengine\gamename\bin-intdebug-windows-x86_64\game\bat.obj
c:\users\eriks\onedrive\skrivbord\marcusepicengine\gamename\bin-intdebug-windows-x86_64\game\batattacking.obj
c:\users\eriks\onedrive\skrivbord\marcusepicengine\gamename\bin-intdebug-windows-x86_64\game\batwalking.obj
c:\users\eriks\onedrive\skrivbord\marcusepicengine\gamename\bin-intdebug-windows-x86_64\game\caterpillar.obj
c:\users\eriks\onedrive\skrivbord\marcusepicengine\gamename\bin-intdebug-windows-x86_64\game\caterpillarattacking.obj
c:\users\eriks\onedrive\skrivbord\marcusepicengine\gamename\bin-intdebug-windows-x86_64\game\caterpillarwalking.obj
c:\users\eriks\onedrive\skrivbord\marcusepicengine\gamename\bin-intdebug-windows-x86_64\game\collider.obj
c:\users\eriks\onedrive\skrivbord\marcusepicengine\gamename\bin-intdebug-windows-x86_64\game\debugdrawer.obj
c:\users\eriks\onedrive\skrivbord\marcusepicengine\gamename\bin-intdebug-windows-x86_64\game\debugshapes.obj
c:\users\eriks\onedrive\skrivbord\marcusepicengine\gamename\bin-intdebug-windows-x86_64\game\drawline.obj
c:\users\eriks\onedrive\skrivbord\marcusepicengine\gamename\bin-intdebug-windows-x86_64\game\electricball.obj
c:\users\eriks\onedrive\skrivbord\marcusepicengine\gamename\bin-intdebug-windows-x86_64\game\electricwarlock.obj
c:\users\eriks\onedrive\skrivbord\marcusepicengine\gamename\bin-intdebug-windows-x86_64\game\electricwarlockattack.obj
c:\users\eriks\onedrive\skrivbord\marcusepicengine\gamename\bin-intdebug-windows-x86_64\game\electricwarlockwalk.obj
c:\users\eriks\onedrive\skrivbord\marcusepicengine\gamename\bin-intdebug-windows-x86_64\game\fireball.obj
c:\users\eriks\onedrive\skrivbord\marcusepicengine\gamename\bin-intdebug-windows-x86_64\game\fireshield.obj
c:\users\eriks\onedrive\skrivbord\marcusepicengine\gamename\bin-intdebug-windows-x86_64\game\firewarlock.obj
c:\users\eriks\onedrive\skrivbord\marcusepicengine\gamename\bin-intdebug-windows-x86_64\game\firewarlockattack.obj
c:\users\eriks\onedrive\skrivbord\marcusepicengine\gamename\bin-intdebug-windows-x86_64\game\firewarlockwalk.obj
c:\users\eriks\onedrive\skrivbord\marcusepicengine\gamename\bin-intdebug-windows-x86_64\game\gameobject.obj
c:\users\eriks\onedrive\skrivbord\marcusepicengine\gamename\bin-intdebug-windows-x86_64\game\goo.obj
c:\users\eriks\onedrive\skrivbord\marcusepicengine\gamename\bin-intdebug-windows-x86_64\game\gooattacking.obj
c:\users\eriks\onedrive\skrivbord\marcusepicengine\gamename\bin-intdebug-windows-x86_64\game\goowalking.obj
c:\users\eriks\onedrive\skrivbord\marcusepicengine\gamename\bin-intdebug-windows-x86_64\game\healthpickup.obj
c:\users\eriks\onedrive\skrivbord\marcusepicengine\gamename\bin-intdebug-windows-x86_64\game\iceball.obj
c:\users\eriks\onedrive\skrivbord\marcusepicengine\gamename\bin-intdebug-windows-x86_64\game\icewarlock.obj
c:\users\eriks\onedrive\skrivbord\marcusepicengine\gamename\bin-intdebug-windows-x86_64\game\icewarlockattack.obj
c:\users\eriks\onedrive\skrivbord\marcusepicengine\gamename\bin-intdebug-windows-x86_64\game\icewarlockwalk.obj
c:\users\eriks\onedrive\skrivbord\marcusepicengine\gamename\bin-intdebug-windows-x86_64\game\knockback.obj
c:\users\eriks\onedrive\skrivbord\marcusepicengine\gamename\bin-intdebug-windows-x86_64\game\objectpool.obj
c:\users\eriks\onedrive\skrivbord\marcusepicengine\gamename\bin-intdebug-windows-x86_64\game\player.obj
c:\users\eriks\onedrive\skrivbord\marcusepicengine\gamename\bin-intdebug-windows-x86_64\game\playerdash.obj
c:\users\eriks\onedrive\skrivbord\marcusepicengine\gamename\bin-intdebug-windows-x86_64\game\playerslash.obj
c:\users\eriks\onedrive\skrivbord\marcusepicengine\gamename\bin-intdebug-windows-x86_64\game\playerthrow.obj
c:\users\eriks\onedrive\skrivbord\marcusepicengine\gamename\bin-intdebug-windows-x86_64\game\randompickup.obj
c:\users\eriks\onedrive\skrivbord\marcusepicengine\gamename\bin-intdebug-windows-x86_64\game\spawnenemies.obj
c:\users\eriks\onedrive\skrivbord\marcusepicengine\gamename\bin-intdebug-windows-x86_64\game\treeboss.obj
c:\users\eriks\onedrive\skrivbord\marcusepicengine\gamename\bin-intdebug-windows-x86_64\game\treebossattacking.obj
c:\users\eriks\onedrive\skrivbord\marcusepicengine\gamename\bin-intdebug-windows-x86_64\game\treebossattacking2.obj
c:\users\eriks\onedrive\skrivbord\marcusepicengine\gamename\bin-intdebug-windows-x86_64\game\treebossattacking3.obj
c:\users\eriks\onedrive\skrivbord\marcusepicengine\gamename\bin-intdebug-windows-x86_64\game\treebossidle.obj
c:\users\eriks\onedrive\skrivbord\marcusepicengine\gamename\bin-intdebug-windows-x86_64\game\treephase1.obj
c:\users\eriks\onedrive\skrivbord\marcusepicengine\gamename\bin-intdebug-windows-x86_64\game\treephase2.obj
c:\users\eriks\onedrive\skrivbord\marcusepicengine\gamename\bin-intdebug-windows-x86_64\game\treephase3.obj
c:\users\eriks\onedrive\skrivbord\marcusepicengine\gamename\bin-intdebug-windows-x86_64\game\vc143.idb
c:\users\eriks\onedrive\skrivbord\marcusepicengine\gamename\bin-intdebug-windows-x86_64\game\..\..\bindebug-windows-x86_64\game\game.pdb
c:\users\eriks\onedrive\skrivbord\marcusepicengine\gamename\bin-intdebug-windows-x86_64\game\..\..\bin-intdebug-windows-x86_64\game\game.vcxproj.filelistabsolute.txt
c:\users\eriks\onedrive\skrivbord\marcusepicengine\gamename\bin-intdebug-windows-x86_64\game\game.tlog\cl.command.1.tlog
c:\users\eriks\onedrive\skrivbord\marcusepicengine\gamename\bin-intdebug-windows-x86_64\game\game.tlog\cl.items.tlog
c:\users\eriks\onedrive\skrivbord\marcusepicengine\gamename\bin-intdebug-windows-x86_64\game\game.tlog\cl.read.1.tlog
c:\users\eriks\onedrive\skrivbord\marcusepicengine\gamename\bin-intdebug-windows-x86_64\game\game.tlog\cl.write.1.tlog
c:\users\eriks\onedrive\skrivbord\marcusepicengine\gamename\bin-intdebug-windows-x86_64\game\game.tlog\link-cvtres.read.1.tlog
c:\users\eriks\onedrive\skrivbord\marcusepicengine\gamename\bin-intdebug-windows-x86_64\game\game.tlog\link-cvtres.write.1.tlog
c:\users\eriks\onedrive\skrivbord\marcusepicengine\gamename\bin-intdebug-windows-x86_64\game\game.tlog\link-rc.read.1.tlog
c:\users\eriks\onedrive\skrivbord\marcusepicengine\gamename\bin-intdebug-windows-x86_64\game\game.tlog\link-rc.write.1.tlog
c:\users\eriks\onedrive\skrivbord\marcusepicengine\gamename\bin-intdebug-windows-x86_64\game\game.tlog\link.command.1.tlog
c:\users\eriks\onedrive\skrivbord\marcusepicengine\gamename\bin-intdebug-windows-x86_64\game\game.tlog\link.read.1.tlog
c:\users\eriks\onedrive\skrivbord\marcusepicengine\gamename\bin-intdebug-windows-x86_64\game\game.tlog\link.read.2.tlog
c:\users\eriks\onedrive\skrivbord\marcusepicengine\gamename\bin-intdebug-windows-x86_64\game\game.tlog\link.read.3.tlog
c:\users\eriks\onedrive\skrivbord\marcusepicengine\gamename\bin-intdebug-windows-x86_64\game\game.tlog\link.read.4.tlog
c:\users\eriks\onedrive\skrivbord\marcusepicengine\gamename\bin-intdebug-windows-x86_64\game\game.tlog\link.read.5.tlog
c:\users\eriks\onedrive\skrivbord\marcusepicengine\gamename\bin-intdebug-windows-x86_64\game\game.tlog\link.secondary.1.tlog
c:\users\eriks\onedrive\skrivbord\marcusepicengine\gamename\bin-intdebug-windows-x86_64\game\game.tlog\link.write.1.tlog
