c:\users\eriks\onedrive\skrivbord\marcusepicengine\gamename\bin-intdebug-windows-x86_64\engine\stringhelper.obj
c:\users\eriks\onedrive\skrivbord\marcusepicengine\gamename\bin-intdebug-windows-x86_64\engine\raytracing.obj
c:\users\eriks\onedrive\skrivbord\marcusepicengine\gamename\bin-intdebug-windows-x86_64\engine\texture.obj
c:\users\eriks\onedrive\skrivbord\marcusepicengine\gamename\bin-intdebug-windows-x86_64\engine\depthbuffer.obj
c:\users\eriks\onedrive\skrivbord\marcusepicengine\gamename\bin-intdebug-windows-x86_64\engine\gbuffer.obj
c:\users\eriks\onedrive\skrivbord\marcusepicengine\gamename\bin-intdebug-windows-x86_64\engine\camera.obj
c:\users\eriks\onedrive\skrivbord\marcusepicengine\gamename\bin-intdebug-windows-x86_64\engine\sprite.obj
c:\users\eriks\onedrive\skrivbord\marcusepicengine\gamename\bin-intdebug-windows-x86_64\engine\rendertarget.obj
c:\users\eriks\onedrive\skrivbord\marcusepicengine\gamename\bin-intdebug-windows-x86_64\engine\shader.obj
c:\users\eriks\onedrive\skrivbord\marcusepicengine\gamename\bin-intdebug-windows-x86_64\engine\fullscreeneffect.obj
c:\users\eriks\onedrive\skrivbord\marcusepicengine\gamename\bin-intdebug-windows-x86_64\engine\ddstextureloader11.obj
c:\users\eriks\onedrive\skrivbord\marcusepicengine\gamename\bin-intdebug-windows-x86_64\engine\engine.obj
c:\users\eriks\onedrive\skrivbord\marcusepicengine\gamename\bin-intdebug-windows-x86_64\engine\spritedrawer.obj
c:\users\eriks\onedrive\skrivbord\marcusepicengine\gamename\bin-intdebug-windows-x86_64\engine\graphicsengine.obj
c:\users\eriks\onedrive\skrivbord\marcusepicengine\gamename\bindebug-windows-x86_64\engine\engine.pdb
c:\users\eriks\onedrive\skrivbord\marcusepicengine\gamename\bindebug-windows-x86_64\engine\engine.idb
c:\users\eriks\onedrive\skrivbord\marcusepicengine\gamename\bin-intdebug-windows-x86_64\engine\camera1.obj
c:\users\eriks\onedrive\skrivbord\jennymarcuscringe\gamename\bindebug-windows-x86_64\engine\raytracertest_ps.cso
c:\users\eriks\onedrive\skrivbord\jennymarcuscringe\gamename\bindebug-windows-x86_64\engine\raytracertest_vs.cso
c:\users\eriks\onedrive\skrivbord\jennymarcuscringe\gamename\bindebug-windows-x86_64\engine\raytracing_cs.cso
c:\users\eriks\onedrive\skrivbord\marcusepicengine\gamename\bindebug-windows-x86_64\engine\raytracertest_ps.cso
c:\users\eriks\onedrive\skrivbord\marcusepicengine\gamename\bindebug-windows-x86_64\engine\raytracertest_vs.cso
c:\users\eriks\onedrive\skrivbord\marcusepicengine\gamename\bindebug-windows-x86_64\engine\raytracing_cs.cso
c:\users\eriks\onedrive\skrivbord\marcusepicengine\gamename\bindebug-windows-x86_64\engine\engine.lib
c:\users\eriks\onedrive\skrivbord\marcusepicengine\gamename\bin-intdebug-windows-x86_64\engine\..\..\bindebug-windows-x86_64\engine\engine.pdb
c:\users\eriks\onedrive\skrivbord\marcusepicengine\gamename\bin-intdebug-windows-x86_64\engine\..\..\bin-intdebug-windows-x86_64\engine\engine.vcxproj.filelistabsolute.txt
c:\users\eriks\onedrive\skrivbord\marcusepicengine\gamename\bin-intdebug-windows-x86_64\engine\engine.tlog\cl.command.1.tlog
c:\users\eriks\onedrive\skrivbord\marcusepicengine\gamename\bin-intdebug-windows-x86_64\engine\engine.tlog\cl.items.tlog
c:\users\eriks\onedrive\skrivbord\marcusepicengine\gamename\bin-intdebug-windows-x86_64\engine\engine.tlog\cl.read.1.tlog
c:\users\eriks\onedrive\skrivbord\marcusepicengine\gamename\bin-intdebug-windows-x86_64\engine\engine.tlog\cl.write.1.tlog
c:\users\eriks\onedrive\skrivbord\marcusepicengine\gamename\bin-intdebug-windows-x86_64\engine\engine.tlog\fxc.command.1.tlog
c:\users\eriks\onedrive\skrivbord\marcusepicengine\gamename\bin-intdebug-windows-x86_64\engine\engine.tlog\fxc.read.1.tlog
c:\users\eriks\onedrive\skrivbord\marcusepicengine\gamename\bin-intdebug-windows-x86_64\engine\engine.tlog\fxc.write.1.tlog
c:\users\eriks\onedrive\skrivbord\marcusepicengine\gamename\bin-intdebug-windows-x86_64\engine\engine.tlog\lib-link.read.1.tlog
c:\users\eriks\onedrive\skrivbord\marcusepicengine\gamename\bin-intdebug-windows-x86_64\engine\engine.tlog\lib-link.write.1.tlog
c:\users\eriks\onedrive\skrivbord\marcusepicengine\gamename\bin-intdebug-windows-x86_64\engine\engine.tlog\lib.command.1.tlog
